TOURista/app/build/intermediates/manifest_merge_blame_file/debug/manifest-merger-blame-debug-report.txt
1<?xml version="1.0" encoding="utf-8"?>
2<manifest xmlns:android="http://schemas.android.com/apk/res/android"
3    package="com.e.locationpointer"
4    android:versionCode="1"
5    android:versionName="1.0" >
6
7    <uses-sdk
8        android:minSdkVersion="22"
8-->src\main\AndroidManifest.xml
9        android:targetSdkVersion="29" />
9-->src\main\AndroidManifest.xml
10
11    <!--
12         The ACCESS_COARSE/FINE_LOCATION permissions are not required to use
13         Google Maps Android API v2, but you must specify either coarse or fine
14         location permissions for the 'MyLocation' functionality.
15    -->
16    <uses-permission android:name="android.permission.ACCESS_FINE_LOCATION" />
16-->src\main\AndroidManifest.xml:10:5-79
16-->src\main\AndroidManifest.xml:10:22-76
17    <uses-permission android:name="android.permission.READ_EXTERNAL_STORAGE" />
17-->src\main\AndroidManifest.xml:11:5-80
17-->src\main\AndroidManifest.xml:11:22-77
18    <!--
19         The ACCESS_COARSE/FINE_LOCATION permissions are not required to use
20         Google Maps Android API v2, but you must specify either coarse or fine
21         location permissions for the 'MyLocation' functionality.
22    -->
23    <uses-permission android:name="android.permission.INTERNET" />
23-->src\main\AndroidManifest.xml:17:5-67
23-->src\main\AndroidManifest.xml:17:22-64
24    <uses-permission android:name="android.permission.ACCESS_COARSE_LOCATION" />
24-->src\main\AndroidManifest.xml:18:5-81
24-->src\main\AndroidManifest.xml:18:22-78
25    <uses-permission android:name="android.permission.ACCESS_BACKGROUND_LOCATION" />
25-->src\main\AndroidManifest.xml:19:5-85
25-->src\main\AndroidManifest.xml:19:22-82
26
27    <!-- Include required permissions for Google Maps API to run. -->
28    <uses-permission android:name="android.permission.ACCESS_NETWORK_STATE" />
28-->[com.google.android.gms:play-services-maps:17.0.0] AndroidManifest.xml:23:5-79
28-->[com.google.android.gms:play-services-maps:17.0.0] AndroidManifest.xml:23:22-76
29
30    <uses-feature
30-->[com.google.android.gms:play-services-maps:17.0.0] AndroidManifest.xml:26:5-28:35
31        android:glEsVersion="0x00020000"
31-->[com.google.android.gms:play-services-maps:17.0.0] AndroidManifest.xml:27:9-41
32        android:required="true" />
32-->[com.google.android.gms:play-services-maps:17.0.0] AndroidManifest.xml:28:9-32
33
34    <application
34-->src\main\AndroidManifest.xml:21:5-92:19
35        android:allowBackup="true"
35-->src\main\AndroidManifest.xml:22:9-35
36        android:appComponentFactory="androidx.core.app.CoreComponentFactory"
36-->[androidx.core:core:1.1.0] AndroidManifest.xml:24:18-86
37        android:debuggable="true"
38        android:icon="@mipmap/ic_launcher"
38-->src\main\AndroidManifest.xml:23:9-43
39        android:label="@string/app_name"
39-->src\main\AndroidManifest.xml:24:9-41
40        android:roundIcon="@mipmap/ic_launcher_round"
40-->src\main\AndroidManifest.xml:25:9-54
41        android:supportsRtl="true"
41-->src\main\AndroidManifest.xml:26:9-35
42        android:testOnly="true"
43        android:theme="@style/AppTheme" >
43-->src\main\AndroidManifest.xml:27:9-40
44
45        <!--
46             The API key for Google Maps-based APIs is defined as a string resource.
47             (See the file "res/values/google_maps_api.xml").
48             Note that the API key is linked to the encryption key used to sign the APK.
49             You need a different API key for each encryption key, including the release key that is used to
50             sign the APK for publishing.
51             You can define the keys for the debug and release targets in src/debug/ and src/release/.
52        -->
53        <meta-data
53-->src\main\AndroidManifest.xml:37:9-39:47
54            android:name="com.google.android.geo.API_KEY"
54-->src\main\AndroidManifest.xml:38:13-58
55            android:value="@string/map_key" />
55-->src\main\AndroidManifest.xml:39:13-44
56        <meta-data
56-->src\main\AndroidManifest.xml:40:9-42:57
57            android:name="preloaded_fonts"
57-->src\main\AndroidManifest.xml:41:13-43
58            android:resource="@array/preloaded_fonts" />
58-->src\main\AndroidManifest.xml:42:13-54
59
60        <activity
60-->src\main\AndroidManifest.xml:44:9-52:20
61            android:name="com.e.locationpointer.SplashActivity"
61-->src\main\AndroidManifest.xml:45:13-43
62            android:label="@string/title_activity_maps" >
62-->src\main\AndroidManifest.xml:46:13-56
63            <intent-filter>
63-->src\main\AndroidManifest.xml:47:13-51:29
64                <action android:name="android.intent.action.MAIN" />
64-->src\main\AndroidManifest.xml:48:17-69
64-->src\main\AndroidManifest.xml:48:25-66
65
66                <category android:name="android.intent.category.LAUNCHER" />
66-->src\main\AndroidManifest.xml:50:17-77
66-->src\main\AndroidManifest.xml:50:27-74
67            </intent-filter>
68        </activity>
69        <activity
69-->src\main\AndroidManifest.xml:54:9-63:20
70            android:name="com.e.locationpointer.MapsActivity2"
70-->src\main\AndroidManifest.xml:55:13-42
71            android:label="@string/title_activity_maps2" >
71-->src\main\AndroidManifest.xml:56:13-57
72            <intent-filter>
72-->src\main\AndroidManifest.xml:47:13-51:29
73                <action android:name="android.intent.action.MAIN" />
73-->src\main\AndroidManifest.xml:48:17-69
73-->src\main\AndroidManifest.xml:48:25-66
74
75                <category android:name="android.intent.category.LAUNCHER" />
75-->src\main\AndroidManifest.xml:50:17-77
75-->src\main\AndroidManifest.xml:50:27-74
76            </intent-filter>
77        </activity>
78        <activity android:name="com.e.locationpointer.FaqActivity" />
78-->src\main\AndroidManifest.xml:66:9-49
78-->src\main\AndroidManifest.xml:66:19-46
79        <activity android:name="com.e.locationpointer.PrivacyActivity" />
79-->src\main\AndroidManifest.xml:67:9-53
79-->src\main\AndroidManifest.xml:67:19-50
80        <activity android:name="com.e.locationpointer.TermsActivity" />
80-->src\main\AndroidManifest.xml:68:9-51
80-->src\main\AndroidManifest.xml:68:19-48
81        <activity android:name="com.e.locationpointer.LoginActivity" />
81-->src\main\AndroidManifest.xml:69:9-51
81-->src\main\AndroidManifest.xml:69:19-48
82        <activity android:name="com.e.locationpointer.AboutusActivity" />
82-->src\main\AndroidManifest.xml:70:9-53
82-->src\main\AndroidManifest.xml:70:19-50
83        <activity android:name="com.e.locationpointer.SettingsActivity" />
83-->src\main\AndroidManifest.xml:71:9-54
83-->src\main\AndroidManifest.xml:71:19-51
84        <activity android:name="com.e.locationpointer.ImageActivity" />
84-->src\main\AndroidManifest.xml:72:9-51
84-->src\main\AndroidManifest.xml:72:19-48
85        <activity android:name="com.e.locationpointer.WhatsActivity" />
85-->src\main\AndroidManifest.xml:73:9-51
85-->src\main\AndroidManifest.xml:73:19-48
86        <activity android:name="com.e.locationpointer.ContentActivity" />
86-->src\main\AndroidManifest.xml:74:9-53
86-->src\main\AndroidManifest.xml:74:19-50
87        <activity android:name="com.e.locationpointer.MajorActivity" />
87-->src\main\AndroidManifest.xml:75:9-51
87-->src\main\AndroidManifest.xml:75:19-48
88        <activity android:name="com.e.locationpointer.SignupActivity" />
88-->src\main\AndroidManifest.xml:76:9-52
88-->src\main\AndroidManifest.xml:76:19-49
89        <activity android:name="com.e.locationpointer.MapsActivity" />
89-->src\main\AndroidManifest.xml:77:9-50
89-->src\main\AndroidManifest.xml:77:19-47
90        <!--
91             The API key for Google Maps-based APIs is defined as a string resource.
92             (See the file "res/values/google_maps_api.xml").
93             Note that the API key is linked to the encryption key used to sign the APK.
94             You need a different API key for each encryption key, including the release key that is used to
95             sign the APK for publishing.
96             You can define the keys for the debug and release targets in src/debug/ and src/release/.
97        -->
98
99        <activity
99-->[com.karumi:dexter:5.0.0] AndroidManifest.xml:27:9-29:72
100            android:name="com.karumi.dexter.DexterActivity"
100-->[com.karumi:dexter:5.0.0] AndroidManifest.xml:28:13-60
101            android:theme="@style/Dexter.Internal.Theme.Transparent" /> <!-- Needs to be explicitly declared on P+ -->
101-->[com.karumi:dexter:5.0.0] AndroidManifest.xml:29:13-69
102        <uses-library
102-->[com.google.android.gms:play-services-maps:17.0.0] AndroidManifest.xml:33:9-35:40
103            android:name="org.apache.http.legacy"
103-->[com.google.android.gms:play-services-maps:17.0.0] AndroidManifest.xml:34:13-50
104            android:required="false" />
104-->[com.google.android.gms:play-services-maps:17.0.0] AndroidManifest.xml:35:13-37
105
106        <activity
106-->[com.google.firebase:firebase-auth:19.2.0] AndroidManifest.xml:24:9-31:50
107            android:name="com.google.firebase.auth.internal.FederatedSignInActivity"
107-->[com.google.firebase:firebase-auth:19.2.0] AndroidManifest.xml:25:13-85
108            android:excludeFromRecents="true"
108-->[com.google.firebase:firebase-auth:19.2.0] AndroidManifest.xml:26:13-46
109            android:exported="true"
109-->[com.google.firebase:firebase-auth:19.2.0] AndroidManifest.xml:27:13-36
110            android:launchMode="singleTask"
110-->[com.google.firebase:firebase-auth:19.2.0] AndroidManifest.xml:28:13-44
111            android:permission="com.google.firebase.auth.api.gms.permission.LAUNCH_FEDERATED_SIGN_IN"
111-->[com.google.firebase:firebase-auth:19.2.0] AndroidManifest.xml:29:13-102
112            android:theme="@android:style/Theme.Translucent.NoTitleBar" />
112-->[com.google.firebase:firebase-auth:19.2.0] AndroidManifest.xml:30:13-72
113
114        <service
114-->[com.google.firebase:firebase-auth:19.2.0] AndroidManifest.xml:33:9-39:19
115            android:name="com.google.firebase.components.ComponentDiscoveryService"
115-->[com.google.firebase:firebase-auth:19.2.0] AndroidManifest.xml:34:13-84
116            android:directBootAware="true"
116-->[com.google.firebase:firebase-common:19.3.0] AndroidManifest.xml:34:13-43
117            android:exported="false" >
117-->[com.google.firebase:firebase-auth:19.2.0] AndroidManifest.xml:35:13-37
118            <meta-data
118-->[com.google.firebase:firebase-auth:19.2.0] AndroidManifest.xml:36:13-38:85
119                android:name="com.google.firebase.components:com.google.firebase.auth.FirebaseAuthRegistrar"
119-->[com.google.firebase:firebase-auth:19.2.0] AndroidManifest.xml:37:17-109
120                android:value="com.google.firebase.components.ComponentRegistrar" />
120-->[com.google.firebase:firebase-auth:19.2.0] AndroidManifest.xml:38:17-82
121            <meta-data
121-->[com.google.firebase:firebase-storage:19.1.1] AndroidManifest.xml:33:13-35:85
122                android:name="com.google.firebase.components:com.google.firebase.storage.StorageRegistrar"
122-->[com.google.firebase:firebase-storage:19.1.1] AndroidManifest.xml:34:17-107
123                android:value="com.google.firebase.components.ComponentRegistrar" />
123-->[com.google.firebase:firebase-storage:19.1.1] AndroidManifest.xml:35:17-82
124            <meta-data
124-->[com.google.firebase:firebase-database:18.0.0] AndroidManifest.xml:30:13-32:85
125                android:name="com.google.firebase.components:com.google.firebase.database.DatabaseRegistrar"
125-->[com.google.firebase:firebase-database:18.0.0] AndroidManifest.xml:31:17-109
126                android:value="com.google.firebase.components.ComponentRegistrar" />
126-->[com.google.firebase:firebase-database:18.0.0] AndroidManifest.xml:32:17-82
127        </service>
128
129        <activity
129-->[com.google.android.gms:play-services-base:17.1.0] AndroidManifest.xml:23:9-26:75
130            android:name="com.google.android.gms.common.api.GoogleApiActivity"
130-->[com.google.android.gms:play-services-base:17.1.0] AndroidManifest.xml:24:13-79
131            android:exported="false"
131-->[com.google.android.gms:play-services-base:17.1.0] AndroidManifest.xml:25:13-37
132            android:theme="@android:style/Theme.Translucent.NoTitleBar" />
132-->[com.google.android.gms:play-services-base:17.1.0] AndroidManifest.xml:26:13-72
133
134        <provider
134-->[com.google.firebase:firebase-common:19.3.0] AndroidManifest.xml:26:9-30:39
135            android:name="com.google.firebase.provider.FirebaseInitProvider"
135-->[com.google.firebase:firebase-common:19.3.0] AndroidManifest.xml:27:13-77
136            android:authorities="com.e.locationpointer.firebaseinitprovider"
136-->[com.google.firebase:firebase-common:19.3.0] AndroidManifest.xml:28:13-72
137            android:exported="false"
137-->[com.google.firebase:firebase-common:19.3.0] AndroidManifest.xml:29:13-37
138            android:initOrder="100" />
138-->[com.google.firebase:firebase-common:19.3.0] AndroidManifest.xml:30:13-36
139
140        <meta-data
140-->[com.google.android.gms:play-services-basement:17.0.0] AndroidManifest.xml:23:9-25:69
141            android:name="com.google.android.gms.version"
141-->[com.google.android.gms:play-services-basement:17.0.0] AndroidManifest.xml:24:13-58
142            android:value="@integer/google_play_services_version" />
142-->[com.google.android.gms:play-services-basement:17.0.0] AndroidManifest.xml:25:13-66
143    </application>
144
145</manifest>